0    [main] INFO  org.eclipse.jetty.server.Server  – jetty-8.1.10.v20130312
49   [main] INFO  org.eclipse.jetty.deploy.providers.ScanningAppProvider  – Deployment monitor /home/paul/proj/blacklight/jetty/contexts at interval 0
62   [main] INFO  org.eclipse.jetty.deploy.DeploymentManager  – Deployable added: /home/paul/proj/blacklight/jetty/contexts/solr.xml
1856 [main] INFO  org.eclipse.jetty.webapp.StandardDescriptorProcessor  – NO JSP Support for /solr, did not find org.apache.jasper.servlet.JspServlet
1964 [main] INFO  org.apache.solr.servlet.SolrDispatchFilter  – SolrDispatchFilter.init()
1987 [main] INFO  org.apache.solr.core.SolrResourceLoader  – JNDI not configured for solr (NoInitialContextEx)
1988 [main] INFO  org.apache.solr.core.SolrResourceLoader  – using system property solr.solr.home: /home/paul/proj/blacklight/jetty/solr
1989 [main] INFO  org.apache.solr.core.SolrResourceLoader  – new SolrResourceLoader for directory: '/home/paul/proj/blacklight/jetty/solr/'
1992 [main] INFO  org.apache.solr.core.SolrResourceLoader  – Adding 'file:/home/paul/proj/blacklight/jetty/solr/lib/contrib/' to classloader
1993 [main] INFO  org.apache.solr.core.SolrResourceLoader  – Adding 'file:/home/paul/proj/blacklight/jetty/solr/lib/solr-langid-4.10.3.jar' to classloader
1993 [main] INFO  org.apache.solr.core.SolrResourceLoader  – Adding 'file:/home/paul/proj/blacklight/jetty/solr/lib/solr-analysis-extras-4.10.3.jar' to classloader
1994 [main] INFO  org.apache.solr.core.SolrResourceLoader  – Adding 'file:/home/paul/proj/blacklight/jetty/solr/lib/solr-clustering-4.10.3.jar' to classloader
2217 [main] INFO  org.apache.solr.core.ConfigSolr  – Loading container configuration from /home/paul/proj/blacklight/jetty/solr/solr.xml
2357 [main] INFO  org.apache.solr.core.CoresLocator  – Config-defined core root directory: /home/paul/proj/blacklight/jetty/solr
2369 [main] INFO  org.apache.solr.core.CoreContainer  – New CoreContainer 2146338580
2370 [main] INFO  org.apache.solr.core.CoreContainer  – Loading cores into CoreContainer [instanceDir=/home/paul/proj/blacklight/jetty/solr/]
2374 [main] INFO  org.apache.solr.core.CoreContainer  – loading shared library: /home/paul/proj/blacklight/jetty/solr/lib
2375 [main] INFO  org.apache.solr.core.SolrResourceLoader  – Adding 'file:/home/paul/proj/blacklight/jetty/solr/lib/contrib/' to classloader
2375 [main] INFO  org.apache.solr.core.SolrResourceLoader  – Adding 'file:/home/paul/proj/blacklight/jetty/solr/lib/solr-langid-4.10.3.jar' to classloader
2376 [main] INFO  org.apache.solr.core.SolrResourceLoader  – Adding 'file:/home/paul/proj/blacklight/jetty/solr/lib/solr-analysis-extras-4.10.3.jar' to classloader
2376 [main] INFO  org.apache.solr.core.SolrResourceLoader  – Adding 'file:/home/paul/proj/blacklight/jetty/solr/lib/solr-clustering-4.10.3.jar' to classloader
2434 [main] INFO  org.apache.solr.handler.component.HttpShardHandlerFactory  – Setting socketTimeout to: 0
2435 [main] INFO  org.apache.solr.handler.component.HttpShardHandlerFactory  – Setting urlScheme to: null
2442 [main] INFO  org.apache.solr.handler.component.HttpShardHandlerFactory  – Setting connTimeout to: 0
2443 [main] INFO  org.apache.solr.handler.component.HttpShardHandlerFactory  – Setting maxConnectionsPerHost to: 20
2443 [main] INFO  org.apache.solr.handler.component.HttpShardHandlerFactory  – Setting corePoolSize to: 0
2444 [main] INFO  org.apache.solr.handler.component.HttpShardHandlerFactory  – Setting maximumPoolSize to: 2147483647
2444 [main] INFO  org.apache.solr.handler.component.HttpShardHandlerFactory  – Setting maxThreadIdleTime to: 5
2445 [main] INFO  org.apache.solr.handler.component.HttpShardHandlerFactory  – Setting sizeOfQueue to: -1
2445 [main] INFO  org.apache.solr.handler.component.HttpShardHandlerFactory  – Setting fairnessPolicy to: false
2693 [main] INFO  org.apache.solr.update.UpdateShardHandler  – Creating UpdateShardHandler HTTP client with params: socketTimeout=0&connTimeout=0&retry=false
2697 [main] INFO  org.apache.solr.logging.LogWatcher  – SLF4J impl is org.slf4j.impl.Log4jLoggerFactory
2699 [main] INFO  org.apache.solr.logging.LogWatcher  – Registering Log Listener [Log4j (org.slf4j.impl.Log4jLoggerFactory)]
2701 [main] INFO  org.apache.solr.core.CoreContainer  – Host Name: 
2762 [main] INFO  org.apache.solr.core.CoresLocator  – Looking for core definitions underneath /home/paul/proj/blacklight/jetty/solr
2780 [main] INFO  org.apache.solr.core.CoresLocator  – Found core blacklight-core in /home/paul/proj/blacklight/jetty/solr/blacklight-core/
2780 [main] INFO  org.apache.solr.core.CoresLocator  – Found 1 core definitions
2788 [coreLoadExecutor-5-thread-1] INFO  org.apache.solr.core.SolrResourceLoader  – new SolrResourceLoader for directory: '/home/paul/proj/blacklight/jetty/solr/blacklight-core/'
2863 [coreLoadExecutor-5-thread-1] INFO  org.apache.solr.core.SolrConfig  – Adding specified lib dirs to ClassLoader
2865 [coreLoadExecutor-5-thread-1] INFO  org.apache.solr.core.SolrResourceLoader  – Adding 'file:/home/paul/proj/blacklight/jetty/solr/lib/contrib/analysis-extras/lib/morfologik-fsa-1.7.1.jar' to classloader
2865 [coreLoadExecutor-5-thread-1] INFO  org.apache.solr.core.SolrResourceLoader  – Adding 'file:/home/paul/proj/blacklight/jetty/solr/lib/contrib/analysis-extras/lib/morfologik-polish-1.7.1.jar' to classloader
2866 [coreLoadExecutor-5-thread-1] INFO  org.apache.solr.core.SolrResourceLoader  – Adding 'file:/home/paul/proj/blacklight/jetty/solr/lib/contrib/analysis-extras/lib/icu4j-53.1.jar' to classloader
2866 [coreLoadExecutor-5-thread-1] INFO  org.apache.solr.core.SolrResourceLoader  – Adding 'file:/home/paul/proj/blacklight/jetty/solr/lib/contrib/analysis-extras/lib/morfologik-stemming-1.7.1.jar' to classloader
2867 [coreLoadExecutor-5-thread-1] INFO  org.apache.solr.core.SolrResourceLoader  – Adding 'file:/home/paul/proj/blacklight/jetty/solr/lib/contrib/analysis-extras/lucene-libs/lucene-analyzers-smartcn-4.10.3.jar' to classloader
2867 [coreLoadExecutor-5-thread-1] INFO  org.apache.solr.core.SolrResourceLoader  – Adding 'file:/home/paul/proj/blacklight/jetty/solr/lib/contrib/analysis-extras/lucene-libs/lucene-analyzers-stempel-4.10.3.jar' to classloader
2868 [coreLoadExecutor-5-thread-1] INFO  org.apache.solr.core.SolrResourceLoader  – Adding 'file:/home/paul/proj/blacklight/jetty/solr/lib/contrib/analysis-extras/lucene-libs/lucene-analyzers-icu-4.10.3.jar' to classloader
2868 [coreLoadExecutor-5-thread-1] INFO  org.apache.solr.core.SolrResourceLoader  – Adding 'file:/home/paul/proj/blacklight/jetty/solr/lib/contrib/analysis-extras/lucene-libs/lucene-analyzers-morfologik-4.10.3.jar' to classloader
2959 [coreLoadExecutor-5-thread-1] INFO  org.apache.solr.core.SolrConfig  – Using Lucene MatchVersion: 4.0.0
3154 [coreLoadExecutor-5-thread-1] INFO  org.apache.solr.core.Config  – Loaded SolrConfig: solrconfig.xml
3164 [coreLoadExecutor-5-thread-1] INFO  org.apache.solr.schema.IndexSchema  – Reading Solr Schema from /home/paul/proj/blacklight/jetty/solr/blacklight-core/conf/schema.xml
3230 [coreLoadExecutor-5-thread-1] INFO  org.apache.solr.schema.IndexSchema  – [blacklight-core] Schema name=Blacklight Demo Index
3350 [coreLoadExecutor-5-thread-1] WARN  org.apache.solr.core.SolrResourceLoader  – Solr loaded a deprecated plugin/analysis class [solr.IntField]. Please consult documentation how to replace it accordingly.
3357 [coreLoadExecutor-5-thread-1] WARN  org.apache.solr.core.SolrResourceLoader  – Solr loaded a deprecated plugin/analysis class [solr.LongField]. Please consult documentation how to replace it accordingly.
3364 [coreLoadExecutor-5-thread-1] WARN  org.apache.solr.core.SolrResourceLoader  – Solr loaded a deprecated plugin/analysis class [solr.FloatField]. Please consult documentation how to replace it accordingly.
3370 [coreLoadExecutor-5-thread-1] WARN  org.apache.solr.core.SolrResourceLoader  – Solr loaded a deprecated plugin/analysis class [solr.DoubleField]. Please consult documentation how to replace it accordingly.
3377 [coreLoadExecutor-5-thread-1] WARN  org.apache.solr.core.SolrResourceLoader  – Solr loaded a deprecated plugin/analysis class [solr.DateField]. Please consult documentation how to replace it accordingly.
3634 [coreLoadExecutor-5-thread-1] INFO  org.apache.solr.schema.IndexSchema  – default search field in schema is text
3636 [coreLoadExecutor-5-thread-1] INFO  org.apache.solr.schema.IndexSchema  – query parser default operator is OR
3637 [coreLoadExecutor-5-thread-1] INFO  org.apache.solr.schema.IndexSchema  – unique key field: id
3836 [coreLoadExecutor-5-thread-1] INFO  org.apache.solr.core.CoreContainer  – Creating SolrCore 'blacklight-core' using configuration from instancedir /home/paul/proj/blacklight/jetty/solr/blacklight-core/
3892 [coreLoadExecutor-5-thread-1] INFO  org.apache.solr.core.SolrCore  – solr.StandardDirectoryFactory
3910 [coreLoadExecutor-5-thread-1] INFO  org.apache.solr.core.SolrCore  – [blacklight-core] Opening new SolrCore at /home/paul/proj/blacklight/jetty/solr/blacklight-core/, dataDir=/home/paul/proj/blacklight/jetty/solr/blacklight-core/data/
3911 [coreLoadExecutor-5-thread-1] INFO  org.apache.solr.core.SolrCore  – JMX monitoring not detected for core: blacklight-core
3938 [coreLoadExecutor-5-thread-1] INFO  org.apache.solr.core.CachingDirectoryFactory  – return new directory for /home/paul/proj/blacklight/jetty/solr/blacklight-core/data
3976 [coreLoadExecutor-5-thread-1] INFO  org.apache.solr.core.SolrCore  – New index directory detected: old=null new=/home/paul/proj/blacklight/jetty/solr/blacklight-core/data/index/
3978 [coreLoadExecutor-5-thread-1] INFO  org.apache.solr.core.CachingDirectoryFactory  – return new directory for /home/paul/proj/blacklight/jetty/solr/blacklight-core/data/index
4153 [coreLoadExecutor-5-thread-1] INFO  org.apache.solr.core.SolrCore  – no updateRequestProcessorChain defined as default, creating implicit default
4275 [coreLoadExecutor-5-thread-1] INFO  org.apache.solr.core.RequestHandlers  – created /update: org.apache.solr.handler.UpdateRequestHandler
4276 [coreLoadExecutor-5-thread-1] INFO  org.apache.solr.core.RequestHandlers  – created /update/json: org.apache.solr.handler.UpdateRequestHandler
4276 [coreLoadExecutor-5-thread-1] INFO  org.apache.solr.core.RequestHandlers  – created /update/csv: org.apache.solr.handler.UpdateRequestHandler
4277 [coreLoadExecutor-5-thread-1] INFO  org.apache.solr.core.RequestHandlers  – created /update/json/docs: org.apache.solr.handler.UpdateRequestHandler
4277 [coreLoadExecutor-5-thread-1] INFO  org.apache.solr.core.RequestHandlers  – adding lazy requestHandler: solr.ReplicationHandler
4278 [coreLoadExecutor-5-thread-1] INFO  org.apache.solr.core.RequestHandlers  – created /replication: solr.ReplicationHandler
4290 [coreLoadExecutor-5-thread-1] INFO  org.apache.solr.core.RequestHandlers  – created standard: solr.StandardRequestHandler
4290 [coreLoadExecutor-5-thread-1] INFO  org.apache.solr.core.RequestHandlers  – adding lazy requestHandler: solr.FieldAnalysisRequestHandler
4291 [coreLoadExecutor-5-thread-1] INFO  org.apache.solr.core.RequestHandlers  – created /analysis/field: solr.FieldAnalysisRequestHandler
4293 [coreLoadExecutor-5-thread-1] WARN  org.apache.solr.core.RequestHandlers  – Multiple requestHandler registered to the same name: /update ignoring: org.apache.solr.handler.UpdateRequestHandler
4293 [coreLoadExecutor-5-thread-1] INFO  org.apache.solr.core.RequestHandlers  – created /update: solr.UpdateRequestHandler
4295 [coreLoadExecutor-5-thread-1] INFO  org.apache.solr.core.RequestHandlers  – created /admin/: org.apache.solr.handler.admin.AdminHandlers
4299 [coreLoadExecutor-5-thread-1] INFO  org.apache.solr.core.RequestHandlers  – created /admin/ping: solr.PingRequestHandler
4304 [coreLoadExecutor-5-thread-1] INFO  org.apache.solr.core.RequestHandlers  – created search: solr.SearchHandler
4304 [coreLoadExecutor-5-thread-1] INFO  org.apache.solr.core.RequestHandlers  – created document: solr.SearchHandler
4305 [coreLoadExecutor-5-thread-1] INFO  org.apache.solr.core.RequestHandlers  – created advanced: solr.SearchHandler
4330 [coreLoadExecutor-5-thread-1] INFO  org.apache.solr.handler.loader.XMLLoader  – xsltCacheLifetimeSeconds=60
4334 [coreLoadExecutor-5-thread-1] INFO  org.apache.solr.handler.loader.XMLLoader  – xsltCacheLifetimeSeconds=60
4336 [coreLoadExecutor-5-thread-1] INFO  org.apache.solr.handler.loader.XMLLoader  – xsltCacheLifetimeSeconds=60
4337 [coreLoadExecutor-5-thread-1] INFO  org.apache.solr.handler.loader.XMLLoader  – xsltCacheLifetimeSeconds=60
4339 [coreLoadExecutor-5-thread-1] INFO  org.apache.solr.handler.loader.XMLLoader  – xsltCacheLifetimeSeconds=60
4354 [coreLoadExecutor-5-thread-1] INFO  org.apache.solr.core.SolrCore  – Hard AutoCommit: disabled
4354 [coreLoadExecutor-5-thread-1] INFO  org.apache.solr.core.SolrCore  – Soft AutoCommit: disabled
4415 [coreLoadExecutor-5-thread-1] INFO  org.apache.solr.core.SolrCore  – SolrDeletionPolicy.onInit: commits: num=1
	commit{dir=/home/paul/proj/blacklight/jetty/solr/blacklight-core/data/index,segFN=segments_1,generation=1}
4417 [coreLoadExecutor-5-thread-1] INFO  org.apache.solr.core.SolrCore  – newest commit generation = 1
4431 [coreLoadExecutor-5-thread-1] INFO  org.apache.solr.search.SolrIndexSearcher  – Opening Searcher@77082be3[blacklight-core] main
4445 [coreLoadExecutor-5-thread-1] INFO  org.apache.solr.rest.ManagedResourceStorage  – File-based storage initialized to use dir: /home/paul/proj/blacklight/jetty/solr/blacklight-core/conf
4446 [coreLoadExecutor-5-thread-1] INFO  org.apache.solr.rest.RestManager  – Initializing RestManager with initArgs: {storageDir=/home/paul/proj/blacklight/jetty/solr/blacklight-core/conf}
4461 [coreLoadExecutor-5-thread-1] INFO  org.apache.solr.rest.ManagedResourceStorage  – Reading _rest_managed.json using file:dir=/home/paul/proj/blacklight/jetty/solr/blacklight-core/conf
4471 [coreLoadExecutor-5-thread-1] INFO  org.apache.solr.rest.ManagedResourceStorage  – Loaded LinkedHashMap at path _rest_managed.json using file:dir=/home/paul/proj/blacklight/jetty/solr/blacklight-core/conf
4472 [coreLoadExecutor-5-thread-1] INFO  org.apache.solr.rest.ManagedResource  – Loaded initArgs {} for /rest/managed
4473 [coreLoadExecutor-5-thread-1] INFO  org.apache.solr.rest.RestManager  – Initializing 0 registered ManagedResources
4473 [coreLoadExecutor-5-thread-1] INFO  org.apache.solr.handler.component.SpellCheckComponent  – Initializing spell checkers
4487 [coreLoadExecutor-5-thread-1] INFO  org.apache.solr.handler.component.SpellCheckComponent  – Registering newSearcher listener for spellchecker: default
4489 [coreLoadExecutor-5-thread-1] INFO  org.apache.solr.handler.component.SpellCheckComponent  – Registering newSearcher listener for spellchecker: author
4491 [coreLoadExecutor-5-thread-1] INFO  org.apache.solr.handler.component.SpellCheckComponent  – Registering newSearcher listener for spellchecker: subject
4493 [coreLoadExecutor-5-thread-1] INFO  org.apache.solr.handler.component.SpellCheckComponent  – Registering newSearcher listener for spellchecker: title
4494 [coreLoadExecutor-5-thread-1] INFO  org.apache.solr.handler.component.SpellCheckComponent  – No queryConverter defined, using default converter
4519 [coreLoadExecutor-5-thread-1] INFO  org.apache.solr.core.CoreContainer  – registering core: blacklight-core
4521 [searcherExecutor-6-thread-1] INFO  org.apache.solr.core.SolrCore  – [blacklight-core] Registered new searcher Searcher@77082be3[blacklight-core] main{StandardDirectoryReader(segments_1:1:nrt)}
4524 [main] INFO  org.apache.solr.servlet.SolrDispatchFilter  – user.dir=/home/paul/proj/blacklight/jetty
4525 [main] INFO  org.apache.solr.servlet.SolrDispatchFilter  – SolrDispatchFilter.init() done
4573 [main] INFO  org.eclipse.jetty.server.AbstractConnector  – Started SocketConnector@0.0.0.0:8983
7814 [qtp1917513796-15] INFO  org.apache.solr.servlet.SolrDispatchFilter  – [admin] webapp=null path=/admin/cores params={action=STATUS} status=0 QTime=38 
53721 [qtp1917513796-16] INFO  org.apache.solr.servlet.SolrDispatchFilter  – [admin] webapp=null path=/admin/cores params={action=STATUS} status=0 QTime=2 
2604613 [qtp1917513796-18] INFO  org.apache.solr.core.SolrCore  – UnInverted multi-valued field {field=lc_1letter_facet,memSize=4288,tindexSize=0,time=0,phase1=0,nTerms=0,bigTerms=0,termInstances=0,uses=0}
2604615 [qtp1917513796-18] INFO  org.apache.solr.core.SolrCore  – UnInverted multi-valued field {field=lc_alpha_facet,memSize=4288,tindexSize=0,time=0,phase1=0,nTerms=0,bigTerms=0,termInstances=0,uses=0}
2604615 [qtp1917513796-18] INFO  org.apache.solr.core.SolrCore  – UnInverted multi-valued field {field=lc_b4cutter_facet,memSize=4288,tindexSize=0,time=0,phase1=0,nTerms=0,bigTerms=0,termInstances=0,uses=0}
2604616 [qtp1917513796-18] INFO  org.apache.solr.core.SolrCore  – UnInverted multi-valued field {field=language_facet,memSize=4288,tindexSize=0,time=0,phase1=0,nTerms=0,bigTerms=0,termInstances=0,uses=0}
2604617 [qtp1917513796-18] INFO  org.apache.solr.core.SolrCore  – UnInverted multi-valued field {field=pub_date,memSize=4288,tindexSize=0,time=0,phase1=0,nTerms=0,bigTerms=0,termInstances=0,uses=0}
2604617 [qtp1917513796-18] INFO  org.apache.solr.core.SolrCore  – UnInverted multi-valued field {field=subject_era_facet,memSize=4288,tindexSize=0,time=0,phase1=0,nTerms=0,bigTerms=0,termInstances=0,uses=0}
2604617 [qtp1917513796-18] INFO  org.apache.solr.core.SolrCore  – UnInverted multi-valued field {field=subject_geo_facet,memSize=4288,tindexSize=0,time=0,phase1=0,nTerms=0,bigTerms=0,termInstances=0,uses=0}
2604618 [qtp1917513796-18] INFO  org.apache.solr.core.SolrCore  – UnInverted multi-valued field {field=subject_topic_facet,memSize=4288,tindexSize=0,time=0,phase1=0,nTerms=0,bigTerms=0,termInstances=0,uses=0}
2604636 [qtp1917513796-18] INFO  org.apache.solr.core.SolrCore  – [blacklight-core] webapp=/solr path=/select params={q=theatre} hits=0 status=0 QTime=253 
2664867 [qtp1917513796-20] INFO  org.apache.solr.core.SolrCore  – [blacklight-core] webapp=/solr path=/select params={facet.query=pub_date:[2010+TO+*]&facet.query=pub_date:[2005+TO+*]&facet.query=pub_date:[1990+TO+*]&f.subject_topic_facet.facet.limit=21&facet.field=format&facet.field={!ex%3Dpub_date_single}pub_date&facet.field=subject_topic_facet&facet.field=language_facet&facet.field=lc_1letter_facet&facet.field=subject_geo_facet&facet.field=subject_era_facet&qt=search&facet.pivot=format,language_facet&fq={!raw+f%3Dformat}Book&sort=score+desc,+pub_date_sort+desc,+title_sort+asc&rows=10&wt=ruby&facet=true&f.language_facet.facet.limit=11} hits=0 status=0 QTime=47 
2674457 [qtp1917513796-19] INFO  org.apache.solr.core.SolrCore  – [blacklight-core] webapp=/solr path=/select params={facet.query=pub_date:[2010+TO+*]&facet.query=pub_date:[2005+TO+*]&facet.query=pub_date:[1990+TO+*]&f.subject_topic_facet.facet.limit=21&facet.field=format&facet.field={!ex%3Dpub_date_single}pub_date&facet.field=subject_topic_facet&facet.field=language_facet&facet.field=lc_1letter_facet&facet.field=subject_geo_facet&facet.field=subject_era_facet&qt=search&facet.pivot=format,language_facet&sort=score+desc,+pub_date_sort+desc,+title_sort+asc&rows=10&wt=ruby&facet=true&f.language_facet.facet.limit=11} hits=0 status=0 QTime=10 
2724615 [qtp1917513796-18] INFO  /solr  – No JSP support.  Check that JSP jars are in lib/jsp and that the JSP option has been specified to start.jar
2726084 [qtp1917513796-19] INFO  org.apache.solr.update.processor.LogUpdateProcessor  – [blacklight-core] webapp=/solr path=/update params={wt=xml&version=2.2} {add=[00282214, 00282371, 00313831, 00314247, 43037890, 53029833, 77826928, 78908283, 79930185, 85910001, ... (30 adds)]} 0 511
2726137 [qtp1917513796-19] INFO  org.apache.solr.update.UpdateHandler  – start commit{,optimize=false,openSearcher=true,waitSearcher=true,expungeDeletes=false,softCommit=false,prepareCommit=false}
2726621 [qtp1917513796-19] INFO  org.apache.solr.core.SolrCore  – SolrDeletionPolicy.onCommit: commits: num=2
	commit{dir=/home/paul/proj/blacklight/jetty/solr/blacklight-core/data/index,segFN=segments_1,generation=1}
	commit{dir=/home/paul/proj/blacklight/jetty/solr/blacklight-core/data/index,segFN=segments_2,generation=2}
2726622 [qtp1917513796-19] INFO  org.apache.solr.core.SolrCore  – newest commit generation = 2
2726666 [qtp1917513796-19] INFO  org.apache.solr.search.SolrIndexSearcher  – Opening Searcher@27f413a5[blacklight-core] main
2726669 [qtp1917513796-19] INFO  org.apache.solr.update.UpdateHandler  – end_commit_flush
2726670 [searcherExecutor-6-thread-1] INFO  org.apache.solr.handler.component.SpellCheckComponent  – Building spell index for spell checker: default
2727045 [searcherExecutor-6-thread-1] INFO  org.apache.solr.handler.component.SpellCheckComponent  – Building spell index for spell checker: author
2727276 [searcherExecutor-6-thread-1] INFO  org.apache.solr.handler.component.SpellCheckComponent  – Building spell index for spell checker: subject
2727470 [searcherExecutor-6-thread-1] INFO  org.apache.solr.handler.component.SpellCheckComponent  – Building spell index for spell checker: title
2727728 [searcherExecutor-6-thread-1] INFO  org.apache.solr.core.SolrCore  – [blacklight-core] Registered new searcher Searcher@27f413a5[blacklight-core] main{StandardDirectoryReader(segments_1:3:nrt _0(4.10.3):C30)}
2727729 [qtp1917513796-19] INFO  org.apache.solr.update.processor.LogUpdateProcessor  – [blacklight-core] webapp=/solr path=/update params={waitFlush=true&waitSearcher=true&commit=true&wt=xml&version=2.2} {commit=} 0 1592
2798270 [qtp1917513796-12] INFO  org.apache.solr.core.SolrCore  – UnInverted multi-valued field {field=pub_date,memSize=4548,tindexSize=44,time=3,phase1=3,nTerms=22,bigTerms=1,termInstances=26,uses=0}
2798280 [qtp1917513796-12] INFO  org.apache.solr.core.SolrCore  – UnInverted multi-valued field {field=subject_topic_facet,memSize=4473,tindexSize=58,time=1,phase1=1,nTerms=45,bigTerms=0,termInstances=50,uses=0}
2798284 [qtp1917513796-12] INFO  org.apache.solr.core.SolrCore  – UnInverted multi-valued field {field=language_facet,memSize=4553,tindexSize=46,time=1,phase1=1,nTerms=12,bigTerms=1,termInstances=25,uses=0}
2798287 [qtp1917513796-12] INFO  org.apache.solr.core.SolrCore  – UnInverted multi-valued field {field=lc_1letter_facet,memSize=4949,tindexSize=76,time=0,phase1=0,nTerms=9,bigTerms=4,termInstances=8,uses=0}
2798292 [qtp1917513796-12] INFO  org.apache.solr.core.SolrCore  – UnInverted multi-valued field {field=subject_geo_facet,memSize=4465,tindexSize=57,time=0,phase1=0,nTerms=20,bigTerms=0,termInstances=23,uses=0}
2798295 [qtp1917513796-12] INFO  org.apache.solr.core.SolrCore  – UnInverted multi-valued field {field=subject_era_facet,memSize=4453,tindexSize=45,time=1,phase1=1,nTerms=6,bigTerms=0,termInstances=10,uses=0}
2798318 [qtp1917513796-12] INFO  org.apache.solr.core.SolrCore  – [blacklight-core] webapp=/solr path=/select params={facet.query=pub_date:[2010+TO+*]&facet.query=pub_date:[2005+TO+*]&facet.query=pub_date:[1990+TO+*]&f.subject_topic_facet.facet.limit=21&facet.field=format&facet.field={!ex%3Dpub_date_single}pub_date&facet.field=subject_topic_facet&facet.field=language_facet&facet.field=lc_1letter_facet&facet.field=subject_geo_facet&facet.field=subject_era_facet&qt=search&facet.pivot=format,language_facet&sort=score+desc,+pub_date_sort+desc,+title_sort+asc&rows=10&wt=ruby&facet=true&f.language_facet.facet.limit=11} hits=30 status=0 QTime=137 
2803264 [qtp1917513796-13] INFO  org.apache.solr.core.SolrCore  – [blacklight-core] webapp=/solr path=/select params={facet.query=pub_date:[2010+TO+*]&facet.query=pub_date:[2005+TO+*]&facet.query=pub_date:[1990+TO+*]&f.subject_topic_facet.facet.limit=21&facet.field=format&facet.field={!ex%3Dpub_date_single}pub_date&facet.field=subject_topic_facet&facet.field=language_facet&facet.field=lc_1letter_facet&facet.field=subject_geo_facet&facet.field=subject_era_facet&qt=search&facet.pivot=format,language_facet&fq={!raw+f%3Dformat}Book&sort=score+desc,+pub_date_sort+desc,+title_sort+asc&rows=10&wt=ruby&facet=true&f.language_facet.facet.limit=11} hits=30 status=0 QTime=44 
2813486 [qtp1917513796-11] INFO  org.apache.solr.core.SolrCore  – [blacklight-core] webapp=/solr path=/select params={facet.query=pub_date:[2010+TO+*]&facet.query=pub_date:[2005+TO+*]&facet.query=pub_date:[1990+TO+*]&f.subject_topic_facet.facet.limit=21&facet.field=format&facet.field={!ex%3Dpub_date_single}pub_date&facet.field=subject_topic_facet&facet.field=language_facet&facet.field=lc_1letter_facet&facet.field=subject_geo_facet&facet.field=subject_era_facet&qt=search&facet.pivot=format,language_facet&sort=score+desc,+pub_date_sort+desc,+title_sort+asc&rows=10&wt=ruby&facet=true&f.language_facet.facet.limit=11} hits=30 status=0 QTime=47 
2816998 [qtp1917513796-15] INFO  org.apache.solr.core.SolrCore  – [blacklight-core] webapp=/solr path=/select params={facet.query=pub_date:[2010+TO+*]&facet.query=pub_date:[2005+TO+*]&facet.query=pub_date:[1990+TO+*]&q=medicine&f.subject_topic_facet.facet.limit=21&facet.field=format&facet.field={!ex%3Dpub_date_single}pub_date&facet.field=subject_topic_facet&facet.field=language_facet&facet.field=lc_1letter_facet&facet.field=subject_geo_facet&facet.field=subject_era_facet&qt=search&facet.pivot=format,language_facet&sort=score+desc,+pub_date_sort+desc,+title_sort+asc&rows=10&wt=ruby&facet=true&f.language_facet.facet.limit=11} hits=1 status=0 QTime=70 
2828108 [qtp1917513796-17] INFO  org.apache.solr.core.SolrCore  – UnInverted multi-valued field {field=lc_alpha_facet,memSize=4544,tindexSize=42,time=1,phase1=1,nTerms=14,bigTerms=1,termInstances=20,uses=0}
2828113 [qtp1917513796-17] INFO  org.apache.solr.core.SolrCore  – UnInverted multi-valued field {field=lc_b4cutter_facet,memSize=4460,tindexSize=52,time=1,phase1=1,nTerms=27,bigTerms=0,termInstances=28,uses=0}
2828124 [qtp1917513796-17] INFO  org.apache.solr.core.SolrCore  – [blacklight-core] webapp=/solr path=/select params={q=strong} hits=1 status=0 QTime=41 
2839438 [qtp1917513796-18] INFO  org.apache.solr.core.SolrCore  – [blacklight-core] webapp=/solr path=/select params={q=strong} hits=1 status=0 QTime=28 
3190155 [qtp1917513796-16] INFO  org.apache.solr.core.SolrCore  – [blacklight-core] webapp=/solr path=/select params={facet.query=pub_date:[2010+TO+*]&facet.query=pub_date:[2005+TO+*]&facet.query=pub_date:[1990+TO+*]&f.subject_topic_facet.facet.limit=21&facet.field=format&facet.field={!ex%3Dpub_date_single}pub_date&facet.field=subject_topic_facet&facet.field=language_facet&facet.field=lc_1letter_facet&facet.field=subject_geo_facet&facet.field=subject_era_facet&qt=search&facet.pivot=format,language_facet&sort=score+desc,+pub_date_sort+desc,+title_sort+asc&rows=10&wt=ruby&facet=true&f.language_facet.facet.limit=11} hits=30 status=0 QTime=31 
3352427 [qtp1917513796-15] INFO  org.apache.solr.core.SolrCore  – [blacklight-core] webapp=/solr path=/select params={q=*:*} hits=0 status=0 QTime=11 
3356227 [qtp1917513796-17] INFO  org.apache.solr.core.SolrCore  – [blacklight-core] webapp=/solr path=/select params={q=*:*} hits=0 status=0 QTime=8 
63670321 [qtp1917513796-16] INFO  org.apache.solr.core.SolrCore  – [blacklight-core] webapp=/solr path=/select params={wt=xml} hits=30 status=0 QTime=28 
63686177 [qtp1917513796-19] INFO  org.apache.solr.core.SolrCore  – [blacklight-core] webapp=/solr path=/select params={wt=xml} hits=30 status=0 QTime=7 
63736911 [qtp1917513796-18] INFO  org.apache.solr.core.SolrCore  – [blacklight-core] webapp=/solr path=/select params={wt=xml} hits=30 status=0 QTime=5 
64035239 [qtp1917513796-20] INFO  org.apache.solr.core.SolrCore  – [blacklight-core] webapp=/solr path=/select params={start=10&rows=10&wt=xml} hits=30 status=0 QTime=11 
64035440 [qtp1917513796-20] INFO  org.apache.solr.core.SolrCore  – [blacklight-core] webapp=/solr path=/select params={start=20&rows=10&wt=xml} hits=30 status=0 QTime=6 
64100900 [qtp1917513796-19] INFO  org.apache.solr.core.SolrCore  – [blacklight-core] webapp=/solr path=/select params={wt=xml} hits=30 status=0 QTime=28 
64101074 [qtp1917513796-19] INFO  org.apache.solr.core.SolrCore  – [blacklight-core] webapp=/solr path=/select params={start=10&rows=10&wt=xml} hits=30 status=0 QTime=5 
64101227 [qtp1917513796-19] INFO  org.apache.solr.core.SolrCore  – [blacklight-core] webapp=/solr path=/select params={start=20&rows=10&wt=xml} hits=30 status=0 QTime=5 
64132085 [qtp1917513796-15] INFO  org.apache.solr.core.SolrCore  – [blacklight-core] webapp=/solr path=/select params={q=sakae&wt=xml} hits=2 status=0 QTime=22 
64176734 [qtp1917513796-13] INFO  org.apache.solr.core.SolrCore  – [blacklight-core] webapp=/solr path=/select params={q=sakae&wt=xml} hits=2 status=0 QTime=25 
64189630 [qtp1917513796-15] INFO  org.apache.solr.core.SolrCore  – [blacklight-core] webapp=/solr path=/select params={q=yoshida&wt=xml} hits=2 status=0 QTime=23 
64195014 [qtp1917513796-17] INFO  org.apache.solr.core.SolrCore  – [blacklight-core] webapp=/solr path=/select params={q=author:yoshida&wt=xml} hits=0 status=0 QTime=14 
64202371 [qtp1917513796-18] INFO  org.apache.solr.core.SolrCore  – [blacklight-core] webapp=/solr path=/select params={q=*:*&wt=xml} hits=0 status=0 QTime=7 
64206148 [qtp1917513796-16] INFO  org.apache.solr.core.SolrCore  – [blacklight-core] webapp=/solr path=/select params={wt=xml} hits=30 status=0 QTime=8 
64206211 [qtp1917513796-16] INFO  org.apache.solr.core.SolrCore  – [blacklight-core] webapp=/solr path=/select params={start=10&rows=10&wt=xml} hits=30 status=0 QTime=10 
64206263 [qtp1917513796-16] INFO  org.apache.solr.core.SolrCore  – [blacklight-core] webapp=/solr path=/select params={start=20&rows=10&wt=xml} hits=30 status=0 QTime=4 
64220342 [qtp1917513796-19] INFO  org.apache.solr.core.SolrCore  – [blacklight-core] webapp=/solr path=/select params={q=chorok&wt=xml} hits=1 status=0 QTime=22 
64645674 [qtp1917513796-12] INFO  org.apache.solr.core.SolrCore  – [blacklight-core] webapp=/solr path=/select params={q=text:chorok&wt=xml} hits=0 status=0 QTime=10 
64649230 [qtp1917513796-13] INFO  org.apache.solr.core.SolrCore  – [blacklight-core] webapp=/solr path=/select params={q=chorok&wt=xml} hits=1 status=0 QTime=14 
64656750 [qtp1917513796-11] INFO  org.apache.solr.core.SolrCore  – [blacklight-core] webapp=/solr path=/select params={q=bod&wt=xml} hits=3 status=0 QTime=22 
65041222 [qtp1917513796-18] INFO  org.apache.solr.core.SolrCore  – [blacklight-core] webapp=/solr path=/select params={q=bod&wt=json} hits=3 status=0 QTime=19 
65113773 [qtp1917513796-20] INFO  org.apache.solr.core.SolrCore  – [blacklight-core] webapp=/solr path=/select params={q=bod&wt=json} hits=3 status=0 QTime=12 
65648454 [qtp1917513796-20] INFO  org.apache.solr.core.SolrCore  – [blacklight-core] webapp=/solr path=/select params={wt=json} hits=30 status=0 QTime=8 
65816098 [qtp1917513796-20] INFO  org.apache.solr.core.SolrCore  – [blacklight-core] webapp=/solr path=/select params={wt=json} hits=30 status=0 QTime=6 
66667506 [qtp1917513796-19] INFO  org.apache.solr.core.SolrCore  – [blacklight-core] webapp=/solr path=/select params={facet.query=pub_date:[2010+TO+*]&facet.query=pub_date:[2005+TO+*]&facet.query=pub_date:[1990+TO+*]&f.subject_topic_facet.facet.limit=21&facet.field=format&facet.field={!ex%3Dpub_date_single}pub_date&facet.field=subject_topic_facet&facet.field=language_facet&facet.field=lc_1letter_facet&facet.field=subject_geo_facet&facet.field=subject_era_facet&qt=search&facet.pivot=format,language_facet&sort=score+desc,+pub_date_sort+desc,+title_sort+asc&rows=10&wt=ruby&facet=true&f.language_facet.facet.limit=11} hits=30 status=0 QTime=19 
66673121 [qtp1917513796-12] INFO  org.apache.solr.core.SolrCore  – [blacklight-core] webapp=/solr path=/select params={facet.query=pub_date:[2010+TO+*]&facet.query=pub_date:[2005+TO+*]&facet.query=pub_date:[1990+TO+*]&q=bod&f.subject_topic_facet.facet.limit=21&facet.field=format&facet.field={!ex%3Dpub_date_single}pub_date&facet.field=subject_topic_facet&facet.field=language_facet&facet.field=lc_1letter_facet&facet.field=subject_geo_facet&facet.field=subject_era_facet&qt=search&facet.pivot=format,language_facet&sort=score+desc,+pub_date_sort+desc,+title_sort+asc&rows=10&wt=ruby&facet=true&f.language_facet.facet.limit=11} hits=3 status=0 QTime=28 
66682634 [qtp1917513796-13] INFO  org.apache.solr.core.SolrCore  – [blacklight-core] webapp=/solr path=/select params={qt=document&id=2008308478&wt=ruby} hits=1 status=0 QTime=8 
66682671 [qtp1917513796-20] INFO  org.apache.solr.core.SolrCore  – [blacklight-core] webapp=/solr path=/select params={facet.field=format&facet.field={!ex%3Dpub_date_single}pub_date&facet.field=subject_topic_facet&facet.field=language_facet&facet.field=lc_1letter_facet&facet.field=subject_geo_facet&facet.field=subject_era_facet&qt=search&facet.pivot=format,language_facet&fl=*&start=1&sort=score+desc,+pub_date_sort+desc,+title_sort+asc&rows=3&facet.query=pub_date:[2010+TO+*]&facet.query=pub_date:[2005+TO+*]&facet.query=pub_date:[1990+TO+*]&q=bod&f.subject_topic_facet.facet.limit=21&wt=ruby&facet=false&f.language_facet.facet.limit=11} hits=3 status=0 QTime=12 
81363672 [qtp1917513796-16] INFO  org.apache.solr.core.SolrCore  – [blacklight-core] webapp=/solr path=/select params={facet.query=pub_date:[2010+TO+*]&facet.query=pub_date:[2005+TO+*]&facet.query=pub_date:[1990+TO+*]&q=medicine&f.subject_topic_facet.facet.limit=21&facet.field=format&facet.field={!ex%3Dpub_date_single}pub_date&facet.field=subject_topic_facet&facet.field=language_facet&facet.field=lc_1letter_facet&facet.field=subject_geo_facet&facet.field=subject_era_facet&qt=search&facet.pivot=format,language_facet&sort=score+desc,+pub_date_sort+desc,+title_sort+asc&rows=10&wt=ruby&facet=true&f.language_facet.facet.limit=11} hits=1 status=0 QTime=30 
81440406 [qtp1917513796-13] INFO  org.apache.solr.core.SolrCore  – [blacklight-core] webapp=/solr path=/select params={q=("strong")&wt=json} hits=0 status=0 QTime=13 
81567962 [qtp1917513796-11] INFO  org.apache.solr.core.SolrCore  – [blacklight-core] webapp=/solr path=/select params={q=(text:"strong")&wt=json} hits=1 status=0 QTime=21 
81629902 [qtp1917513796-11] INFO  org.apache.solr.core.SolrCore  – [blacklight-core] webapp=/solr path=/select params={q=("strong")&wt=json} hits=0 status=0 QTime=13 
81641826 [qtp1917513796-15] INFO  org.apache.solr.core.SolrCore  – [blacklight-core] webapp=/solr path=/select params={q=(text:"strong")&wt=json} hits=1 status=0 QTime=15 
81645915 [qtp1917513796-17] INFO  org.apache.solr.core.SolrCore  – [blacklight-core] webapp=/solr path=/select params={q=(text:"ebo")&wt=json} hits=0 status=0 QTime=9 
81652180 [qtp1917513796-18] INFO  org.apache.solr.core.SolrCore  – [blacklight-core] webapp=/solr path=/select params={facet.query=pub_date:[2010+TO+*]&facet.query=pub_date:[2005+TO+*]&facet.query=pub_date:[1990+TO+*]&f.subject_topic_facet.facet.limit=21&facet.field=format&facet.field={!ex%3Dpub_date_single}pub_date&facet.field=subject_topic_facet&facet.field=language_facet&facet.field=lc_1letter_facet&facet.field=subject_geo_facet&facet.field=subject_era_facet&qt=search&facet.pivot=format,language_facet&sort=score+desc,+pub_date_sort+desc,+title_sort+asc&rows=10&wt=ruby&facet=true&f.language_facet.facet.limit=11} hits=30 status=0 QTime=23 
81659596 [qtp1917513796-16] INFO  org.apache.solr.core.SolrCore  – [blacklight-core] webapp=/solr path=/select params={q=(text:"bod")&wt=json} hits=0 status=0 QTime=10 
81664444 [qtp1917513796-19] INFO  org.apache.solr.core.SolrCore  – [blacklight-core] webapp=/solr path=/select params={q=(text:"bod")&wt=json} hits=0 status=0 QTime=16 
81674373 [qtp1917513796-20] INFO  org.apache.solr.core.SolrCore  – [blacklight-core] webapp=/solr path=/select params={q=(title_display:"bod")&wt=json} hits=0 status=0 QTime=9 
81678751 [qtp1917513796-13] INFO  org.apache.solr.core.SolrCore  – [blacklight-core] webapp=/solr path=/select params={q=(text:"strong")&wt=json} hits=1 status=0 QTime=18 
81720202 [qtp1917513796-19] INFO  org.apache.solr.core.SolrCore  – [blacklight-core] webapp=/solr path=/select params={q=(text:"strong")&wt=json} hits=1 status=0 QTime=13 
81859329 [qtp1917513796-11] INFO  org.apache.solr.core.SolrCore  – [blacklight-core] webapp=/solr path=/select params={q=(text:"strong")&wt=json} hits=1 status=0 QTime=27 
81873203 [qtp1917513796-15] INFO  org.apache.solr.core.SolrCore  – [blacklight-core] webapp=/solr path=/select params={q=(text:"strong")&wt=json} hits=1 status=0 QTime=14 
81885749 [qtp1917513796-17] INFO  org.apache.solr.core.SolrCore  – [blacklight-core] webapp=/solr path=/select params={q=(text:"hearth")&wt=json} hits=1 status=0 QTime=15 
81890860 [qtp1917513796-18] INFO  org.apache.solr.core.SolrCore  – [blacklight-core] webapp=/solr path=/select params={q=(author_display:"hearth")&wt=json} hits=0 status=0 QTime=8 
81896542 [qtp1917513796-16] INFO  org.apache.solr.core.SolrCore  – [blacklight-core] webapp=/solr path=/select params={q=(text:"new+york")&wt=json} hits=1 status=0 QTime=40 
81909035 [qtp1917513796-12] INFO  org.apache.solr.core.SolrCore  – [blacklight-core] webapp=/solr path=/select params={q=(text:"dris")&wt=json} hits=0 status=0 QTime=14 
81921685 [qtp1917513796-15] INFO  org.apache.solr.core.SolrCore  – [blacklight-core] webapp=/solr path=/select params={q=(text:"dharamsala")&wt=json} hits=0 status=0 QTime=15 
81929973 [qtp1917513796-19] INFO  org.apache.solr.core.SolrCore  – [blacklight-core] webapp=/solr path=/select params={facet.query=pub_date:[2010+TO+*]&facet.query=pub_date:[2005+TO+*]&facet.query=pub_date:[1990+TO+*]&q=Dharamsala&f.subject_topic_facet.facet.limit=21&facet.field=format&facet.field={!ex%3Dpub_date_single}pub_date&facet.field=subject_topic_facet&facet.field=language_facet&facet.field=lc_1letter_facet&facet.field=subject_geo_facet&facet.field=subject_era_facet&qt=search&facet.pivot=format,language_facet&sort=score+desc,+pub_date_sort+desc,+title_sort+asc&rows=10&wt=ruby&facet=true&f.language_facet.facet.limit=11} hits=4 status=0 QTime=21 
81943006 [qtp1917513796-17] INFO  org.apache.solr.core.SolrCore  – [blacklight-core] webapp=/solr path=/select params={q=(*:"dharamsala")&wt=json} hits=0 status=0 QTime=12 
82153818 [qtp1917513796-20] INFO  org.apache.solr.core.SolrCore  – [blacklight-core] webapp=/solr path=/select params={q=(text:"dharamsala")&wt=json} hits=0 status=0 QTime=13 
82207059 [qtp1917513796-12] INFO  org.apache.solr.core.SolrCore  – [blacklight-core] webapp=/solr path=/select params={text=dharamsala&wt=json} hits=30 status=0 QTime=11 
82207088 [qtp1917513796-12] INFO  org.apache.solr.core.SolrCore  – [blacklight-core] webapp=/solr path=/select params={start=10&text=dharamsala&rows=10&wt=json&wt=json} hits=30 status=0 QTime=6 
82207115 [qtp1917513796-12] INFO  org.apache.solr.core.SolrCore  – [blacklight-core] webapp=/solr path=/select params={start=20&text=dharamsala&rows=10&wt=json&wt=json} hits=30 status=0 QTime=8 
82214689 [qtp1917513796-13] INFO  org.apache.solr.core.SolrCore  – [blacklight-core] webapp=/solr path=/select params={text=bod&wt=json} hits=30 status=0 QTime=8 
82214714 [qtp1917513796-13] INFO  org.apache.solr.core.SolrCore  – [blacklight-core] webapp=/solr path=/select params={start=10&text=bod&rows=10&wt=json&wt=json} hits=30 status=0 QTime=5 
82214733 [qtp1917513796-13] INFO  org.apache.solr.core.SolrCore  – [blacklight-core] webapp=/solr path=/select params={start=20&text=bod&rows=10&wt=json&wt=json} hits=30 status=0 QTime=8 
82249301 [qtp1917513796-18] INFO  org.apache.solr.core.SolrCore  – [blacklight-core] webapp=/solr path=/select params={text=bod&wt=json} hits=30 status=0 QTime=5 
82249323 [qtp1917513796-18] INFO  org.apache.solr.core.SolrCore  – [blacklight-core] webapp=/solr path=/select params={start=10&text=bod&rows=10&wt=json&wt=json} hits=30 status=0 QTime=4 
82249341 [qtp1917513796-18] INFO  org.apache.solr.core.SolrCore  – [blacklight-core] webapp=/solr path=/select params={start=20&text=bod&rows=10&wt=json&wt=json} hits=30 status=0 QTime=5 
82278855 [qtp1917513796-11] INFO  org.apache.solr.core.SolrCore  – [blacklight-core] webapp=/solr path=/select params={text=次按驟變&wt=json} hits=30 status=0 QTime=7 
82278876 [qtp1917513796-11] INFO  org.apache.solr.core.SolrCore  – [blacklight-core] webapp=/solr path=/select params={start=10&text=次按驟變&rows=10&wt=json&wt=json} hits=30 status=0 QTime=5 
82278891 [qtp1917513796-11] INFO  org.apache.solr.core.SolrCore  – [blacklight-core] webapp=/solr path=/select params={start=20&text=次按驟變&rows=10&wt=json&wt=json} hits=30 status=0 QTime=4 
82290767 [qtp1917513796-17] INFO  org.apache.solr.core.SolrCore  – [blacklight-core] webapp=/solr path=/select params={id=2009373513&wt=json} hits=30 status=0 QTime=7 
82290792 [qtp1917513796-17] INFO  org.apache.solr.core.SolrCore  – [blacklight-core] webapp=/solr path=/select params={start=10&id=2009373513&rows=10&wt=json&wt=json} hits=30 status=0 QTime=6 
82290861 [qtp1917513796-17] INFO  org.apache.solr.core.SolrCore  – [blacklight-core] webapp=/solr path=/select params={start=20&id=2009373513&rows=10&wt=json&wt=json} hits=30 status=0 QTime=9 
82299439 [qtp1917513796-18] INFO  org.apache.solr.core.SolrCore  – [blacklight-core] webapp=/solr path=/select params={text=ci&wt=json} hits=30 status=0 QTime=7 
82299462 [qtp1917513796-18] INFO  org.apache.solr.core.SolrCore  – [blacklight-core] webapp=/solr path=/select params={start=10&text=ci&rows=10&wt=json&wt=json} hits=30 status=0 QTime=4 
82299485 [qtp1917513796-18] INFO  org.apache.solr.core.SolrCore  – [blacklight-core] webapp=/solr path=/select params={start=20&text=ci&rows=10&wt=json&wt=json} hits=30 status=0 QTime=4 
82314377 [qtp1917513796-16] INFO  org.apache.solr.core.SolrCore  – [blacklight-core] webapp=/solr path=/select params={text=ci&wt=json} hits=30 status=0 QTime=5 
82314397 [qtp1917513796-16] INFO  org.apache.solr.core.SolrCore  – [blacklight-core] webapp=/solr path=/select params={start=10&text=ci&rows=10&wt=json&wt=json} hits=30 status=0 QTime=4 
82314418 [qtp1917513796-16] INFO  org.apache.solr.core.SolrCore  – [blacklight-core] webapp=/solr path=/select params={start=20&text=ci&rows=10&wt=json&wt=json} hits=30 status=0 QTime=4 
82393300 [qtp1917513796-13] INFO  org.apache.solr.core.SolrCore  – [blacklight-core] webapp=/solr path=/select params={q=text:Sakae&wt=json} hits=0 status=0 QTime=11 
82429834 [qtp1917513796-16] INFO  org.apache.solr.core.SolrCore  – [blacklight-core] webapp=/solr path=/select params={q=id:2008543486&wt=json} hits=0 status=0 QTime=8 
82475337 [qtp1917513796-18] INFO  org.apache.solr.core.SolrCore  – [blacklight-core] webapp=/solr path=/select params={q=text:yomu&wt=json} hits=0 status=0 QTime=11 
82478557 [qtp1917513796-16] INFO  org.apache.solr.core.SolrCore  – [blacklight-core] webapp=/solr path=/select params={q=text::yomu&wt=json} hits=4 status=0 QTime=18 
82548649 [qtp1917513796-12] INFO  org.apache.solr.core.SolrCore  – [blacklight-core] webapp=/solr path=/select params={q=text::ישראל&wt=json} hits=2 status=0 QTime=14 
82557392 [qtp1917513796-13] INFO  org.apache.solr.core.SolrCore  – [blacklight-core] webapp=/solr path=/select params={q=text::strong&wt=json} hits=2 status=0 QTime=13 
82560762 [qtp1917513796-11] INFO  org.apache.solr.core.SolrCore  – [blacklight-core] webapp=/solr path=/select params={q=text::&wt=json} hits=2 status=0 QTime=9 
82563829 [qtp1917513796-20] INFO  org.apache.solr.core.SolrCore  – [blacklight-core] webapp=/solr path=/select params={q=text:,&wt=json} hits=2 status=0 QTime=8 
82569826 [qtp1917513796-15] INFO  org.apache.solr.core.SolrCore  – [blacklight-core] webapp=/solr path=/select params={q=text:israel&wt=json} hits=0 status=0 QTime=7 
82620878 [qtp1917513796-20] INFO  org.apache.solr.core.SolrCore  – [blacklight-core] webapp=/solr path=/select params={q=israel&wt=json} hits=2 status=0 QTime=11 
82628276 [qtp1917513796-15] INFO  org.apache.solr.core.SolrCore  – [blacklight-core] webapp=/solr path=/select params={q=insurance&wt=json} hits=1 status=0 QTime=8 
82631583 [qtp1917513796-19] INFO  org.apache.solr.core.SolrCore  – [blacklight-core] webapp=/solr path=/select params={q=yomu&wt=json} hits=2 status=0 QTime=7 
82644636 [qtp1917513796-17] INFO  org.apache.solr.core.SolrCore  – [blacklight-core] webapp=/solr path=/select params={q=id:2008543486&wt=json} hits=0 status=0 QTime=9 
89264805 [qtp1917513796-12] INFO  org.apache.solr.core.SolrCore  – [blacklight-core] webapp=/solr path=/select params={facet.query=pub_date:[2010+TO+*]&facet.query=pub_date:[2005+TO+*]&facet.query=pub_date:[1990+TO+*]&q=bod&f.subject_topic_facet.facet.limit=21&facet.field=format&facet.field={!ex%3Dpub_date_single}pub_date&facet.field=subject_topic_facet&facet.field=language_facet&facet.field=lc_1letter_facet&facet.field=subject_geo_facet&facet.field=subject_era_facet&qt=search&facet.pivot=format,language_facet&sort=score+desc,+pub_date_sort+desc,+title_sort+asc&rows=10&wt=ruby&facet=true&f.language_facet.facet.limit=11} hits=3 status=0 QTime=21 
235406248 [qtp1917513796-18] INFO  org.apache.solr.core.SolrCore  – [blacklight-core] webapp=/solr path=/select params={facet.query=pub_date:[2010+TO+*]&facet.query=pub_date:[2005+TO+*]&facet.query=pub_date:[1990+TO+*]&q=Dharamsala&f.subject_topic_facet.facet.limit=21&facet.field=format&facet.field={!ex%3Dpub_date_single}pub_date&facet.field=subject_topic_facet&facet.field=language_facet&facet.field=lc_1letter_facet&facet.field=subject_geo_facet&facet.field=subject_era_facet&qt=search&facet.pivot=format,language_facet&sort=score+desc,+pub_date_sort+desc,+title_sort+asc&rows=10&wt=ruby&facet=true&f.language_facet.facet.limit=11} hits=4 status=0 QTime=37 
254896172 [qtp1917513796-17] INFO  org.apache.solr.core.SolrCore  – [blacklight-core] webapp=/solr path=/select params={q=strong&wt=json} hits=1 status=0 QTime=13 
254907867 [qtp1917513796-16] INFO  org.apache.solr.core.SolrCore  – [blacklight-core] webapp=/solr path=/select params={q=medicine&wt=json} hits=1 status=0 QTime=8 
